{"level":"info","message":"MongoDB Connected: localhost","timestamp":"2024-11-05T05:21:47.341Z"}
{"level":"info","message":"MongoDB Connected: localhost","timestamp":"2024-11-05T05:24:36.343Z"}
{"level":"info","message":"MongoDB Connected: localhost","timestamp":"2024-11-05T05:25:03.136Z"}
{"level":"info","message":"MongoDB Connected: localhost","timestamp":"2024-11-05T05:25:27.418Z"}
{"level":"info","message":"MongoDB Connected: localhost","timestamp":"2024-11-05T05:25:42.788Z"}
{"level":"info","message":"MongoDB Connected: localhost","timestamp":"2024-11-05T05:30:44.397Z"}
{"level":"info","message":"MongoDB Connected: localhost","timestamp":"2024-11-05T05:35:20.164Z"}
{"level":"info","message":"MongoDB Connected: localhost","timestamp":"2024-11-05T05:41:02.894Z"}
{"level":"info","message":"MongoDB Connected: localhost","timestamp":"2024-11-05T05:44:37.287Z"}
{"level":"info","message":"MongoDB Connected: localhost","timestamp":"2024-11-05T17:51:24.327Z"}
{"level":"info","message":"MongoDB Connected: localhost","timestamp":"2024-11-05T17:58:46.017Z"}
{"level":"info","message":"MongoDB Connected: localhost","timestamp":"2024-11-05T18:06:46.022Z"}
{"level":"info","message":"MongoDB Connected: localhost","timestamp":"2024-11-05T18:06:49.218Z"}
{"level":"info","message":"MongoDB Connected: localhost","timestamp":"2024-11-05T18:07:40.761Z"}
{"level":"info","message":"MongoDB Connected: localhost","timestamp":"2024-11-05T18:07:48.925Z"}
{"level":"info","message":"MongoDB Connected: localhost","timestamp":"2024-11-05T18:11:57.573Z"}
{"level":"info","message":"MongoDB Connected: localhost","timestamp":"2024-11-05T18:15:43.099Z"}
{"level":"info","message":"MongoDB Connected: localhost","timestamp":"2024-11-05T18:20:40.073Z"}
{"level":"info","message":"MongoDB Connected: localhost","timestamp":"2024-11-05T18:29:56.150Z"}
{"level":"info","message":"MongoDB Connected: localhost","timestamp":"2024-11-05T18:29:58.119Z"}
{"level":"info","message":"MongoDB Connected: localhost","timestamp":"2024-11-05T18:30:24.678Z"}
{"level":"info","message":"MongoDB Connected: localhost","timestamp":"2024-11-05T18:30:32.132Z"}
{"level":"info","message":"MongoDB Connected: localhost","timestamp":"2024-11-05T18:30:51.665Z"}
{"level":"info","message":"MongoDB Connected: localhost","timestamp":"2024-11-05T18:33:44.478Z"}
{"level":"info","message":"MongoDB Connected: localhost","timestamp":"2024-11-05T18:38:53.344Z"}
{"level":"info","message":"MongoDB Connected: localhost","timestamp":"2024-11-05T18:42:17.461Z"}
{"level":"info","message":"MongoDB Connected: localhost","timestamp":"2024-11-05T18:46:18.851Z"}
{"level":"info","message":"MongoDB Connected: localhost","timestamp":"2024-11-05T19:00:48.480Z"}
{"level":"info","message":"MongoDB Connected: localhost","timestamp":"2024-11-05T19:32:44.262Z"}
{"level":"info","message":"MongoDB Connected: localhost","timestamp":"2024-11-06T00:00:16.058Z"}
{"level":"info","message":"MongoDB Connected: localhost","timestamp":"2024-11-06T00:00:47.209Z"}
{"level":"info","message":"MongoDB Connected: localhost","timestamp":"2024-11-06T00:00:49.815Z"}
{"level":"info","message":"MongoDB Connected: localhost","timestamp":"2024-11-06T00:01:59.101Z"}
{"level":"info","message":"MongoDB Connected: localhost","timestamp":"2024-11-06T00:02:01.392Z"}
{"level":"info","message":"MongoDB Connected: localhost","timestamp":"2024-11-06T00:02:25.992Z"}
{"level":"info","message":"MongoDB Connected: localhost","timestamp":"2024-11-06T00:02:42.391Z"}
{"level":"info","message":"MongoDB Connected: localhost","timestamp":"2024-11-06T00:05:00.633Z"}
{"level":"info","message":"MongoDB Connected: localhost","timestamp":"2024-11-06T00:11:34.245Z"}
{"level":"info","message":"MongoDB Connected: localhost","timestamp":"2024-11-06T00:17:39.759Z"}
{"level":"info","message":"MongoDB Connected: localhost","timestamp":"2024-11-06T00:18:01.959Z"}
{"level":"info","message":"MongoDB Connected: localhost","timestamp":"2024-11-06T00:18:03.775Z"}
{"level":"info","message":"MongoDB Connected: localhost","timestamp":"2024-11-06T00:18:29.353Z"}
{"level":"info","message":"MongoDB Connected: localhost","timestamp":"2024-11-06T00:18:30.866Z"}
{"level":"info","message":"MongoDB Connected: localhost","timestamp":"2024-11-06T00:19:04.109Z"}
{"level":"info","message":"MongoDB Connected: localhost","timestamp":"2024-11-06T00:19:05.810Z"}
{"level":"info","message":"MongoDB Connected: localhost","timestamp":"2024-11-06T00:29:22.161Z"}
{"level":"info","message":"MongoDB Connected: localhost","timestamp":"2024-11-06T00:29:33.354Z"}
{"level":"info","message":"MongoDB Connected: localhost","timestamp":"2024-11-06T00:31:23.263Z"}
{"level":"info","message":"MongoDB Connected: localhost","timestamp":"2024-11-06T00:31:27.764Z"}
{"level":"info","message":"MongoDB Connected: localhost","timestamp":"2024-11-06T00:31:40.185Z"}
{"level":"info","message":"MongoDB Connected: localhost","timestamp":"2024-11-06T00:31:43.959Z"}
{"level":"info","message":"MongoDB Connected: localhost","timestamp":"2024-11-06T00:31:47.691Z"}
{"level":"info","message":"MongoDB Connected: localhost","timestamp":"2024-11-06T00:31:48.705Z"}
{"level":"info","message":"MongoDB Connected: localhost","timestamp":"2024-11-06T00:31:52.349Z"}
{"level":"info","message":"MongoDB Connected: localhost","timestamp":"2024-11-06T00:39:13.806Z"}
{"level":"info","message":"MongoDB Connected: localhost","timestamp":"2024-11-06T01:21:40.105Z"}
{"level":"info","message":"MongoDB Connected: localhost","timestamp":"2024-11-06T01:22:10.235Z"}
{"level":"info","message":"MongoDB Connected: localhost","timestamp":"2024-11-06T01:22:14.501Z"}
{"level":"info","message":"MongoDB Connected: localhost","timestamp":"2024-11-06T01:22:59.848Z"}
{"level":"info","message":"MongoDB Connected: localhost","timestamp":"2024-11-06T01:26:29.848Z"}
{"level":"info","message":"MongoDB Connected: localhost","timestamp":"2024-11-06T04:17:23.238Z"}
{"level":"info","message":"MongoDB Connected: localhost","timestamp":"2024-11-06T04:17:24.933Z"}
{"level":"info","message":"MongoDB Connected: localhost","timestamp":"2024-11-06T04:18:00.564Z"}
{"level":"info","message":"MongoDB Connected: localhost","timestamp":"2024-11-06T04:18:02.680Z"}
{"level":"info","message":"MongoDB Connected: localhost","timestamp":"2024-11-06T04:19:02.870Z"}
{"level":"info","message":"MongoDB Connected: localhost","timestamp":"2024-11-06T04:19:04.476Z"}
{"level":"info","message":"MongoDB Connected: localhost","timestamp":"2024-11-06T04:19:05.789Z"}
{"level":"info","message":"MongoDB Connected: localhost","timestamp":"2024-11-06T16:30:51.887Z"}
{"level":"info","message":"MongoDB Connected: localhost","timestamp":"2024-11-06T16:35:59.910Z"}
{"level":"info","message":"MongoDB Connected: localhost","timestamp":"2024-11-06T20:35:00.488Z"}
{"level":"info","message":"Mailgun service configured successfully","timestamp":"2024-11-06T20:35:00.662Z"}
{"level":"error","message":"Failed to send booking notification: Cannot read properties of undefined (reading 'fromEmail')","stack":"TypeError: Cannot read properties of undefined (reading 'fromEmail')\n    at sendBookingNotification (/Users/scottwattenbarger/Desktop/WattEvent/CasinoSite/server/utils/emailService.js:45:38)\n    at /Users/scottwattenbarger/Desktop/WattEvent/CasinoSite/server/routes/bookings.js:73:11\n    at processTicksAndRejections (node:internal/process/task_queues:96:5)","timestamp":"2024-11-06T20:35:21.756Z"}
{"level":"info","message":"MongoDB Connected: localhost","timestamp":"2024-11-06T20:38:57.411Z"}
{"level":"info","message":"Mailgun service configured successfully","timestamp":"2024-11-06T20:38:57.507Z"}
{"level":"info","message":"MongoDB Connected: localhost","timestamp":"2024-11-06T20:39:21.916Z"}
{"level":"info","message":"Mailgun service configured successfully","timestamp":"2024-11-06T20:39:22.040Z"}
{"level":"info","message":"MongoDB Connected: localhost","timestamp":"2024-11-06T20:41:13.172Z"}
{"level":"info","message":"Mailgun service configured successfully","timestamp":"2024-11-06T20:41:13.285Z"}
{"level":"info","message":"Mailgun service configured successfully","timestamp":"2024-11-06T20:43:12.760Z"}
{"level":"info","message":"MongoDB Connected: localhost","timestamp":"2024-11-06T20:43:12.956Z"}
{"level":"info","message":"Booking notification sent:","timestamp":"2024-11-06T20:43:30.756Z"}
{"level":"info","message":"MongoDB Connected: localhost","timestamp":"2024-11-06T20:46:36.328Z"}
{"level":"info","message":"MongoDB Connected: localhost","timestamp":"2024-11-06T20:48:59.881Z"}
{"booking":{"__v":0,"_id":"672bd6517533330021717037","createdAt":"2024-11-06T20:49:21.431Z","date":"2024-11-22T00:00:00.000Z","eventType":"Holiday Party","guestCount":7,"numberOfTables":1,"phoneNumber":"661-717-2536","selectedGames":["Poker"],"specialRequests":"","status":"pending","time":"4:00 PM","updatedAt":"2024-11-06T20:49:21.431Z","userId":"672ab31589cd9ff9811560ea"},"level":"info","message":"Preparing booking notification email with data:","timestamp":"2024-11-06T20:49:21.438Z","userEmail":"scottwattenbarger@gmail.com"}
{"bookingDate":"Thursday, November 21, 2024","bookingTime":"4:00 PM","customerEmail":"scottwattenbarger@gmail.com","eventType":"Holiday Party","games":"Poker","guestCount":"7","level":"info","message":"Sending email with template variables:","phoneNumber":"661-717-2536","specialRequests":"None","timestamp":"2024-11-06T20:49:21.481Z"}
{"level":"info","message":"Booking notification email sent successfully:","timestamp":"2024-11-06T20:49:21.832Z"}
{"level":"info","message":"MongoDB Connected: localhost","timestamp":"2024-11-06T20:55:49.640Z"}
{"level":"info","message":"MongoDB Connected: localhost","timestamp":"2024-11-06T20:56:27.713Z"}
{"level":"info","message":"MongoDB Connected: localhost","timestamp":"2024-11-06T20:58:18.519Z"}
{"level":"info","message":"MongoDB Connected: localhost","timestamp":"2024-11-06T20:58:25.290Z"}
{"booking":{"__v":0,"_id":"672bd89acccbefc6a230647a","createdAt":"2024-11-06T20:59:06.693Z","date":"2024-11-21T00:00:00.000Z","eventType":"Fundraiser","guestCount":33,"numberOfTables":1,"phoneNumber":"661-717-2536","selectedGames":["Poker"],"specialRequests":"","status":"pending","time":"6:00 PM","updatedAt":"2024-11-06T20:59:06.693Z","userId":"672ab31589cd9ff9811560ea"},"level":"info","message":"Preparing booking received email with data:","timestamp":"2024-11-06T20:59:06.719Z","userEmail":"scottwattenbarger@gmail.com"}
{"bookingDate":"Wednesday, November 20, 2024","bookingTime":"6:00 PM","contactEmail":"wattenbargerevent@gmail.com","contactPhone":"661-302-0115","eventType":"Fundraiser","games":"Poker","guestCount":"33","level":"info","message":"Sending booking received email with template variables:","timestamp":"2024-11-06T20:59:06.776Z"}
{"level":"info","message":"Booking received email sent successfully:","timestamp":"2024-11-06T20:59:07.213Z"}
{"level":"info","message":"Booking received email sent to customer","timestamp":"2024-11-06T20:59:07.214Z"}
{"booking":{"__v":0,"_id":"672bd89acccbefc6a230647a","createdAt":"2024-11-06T20:59:06.693Z","date":"2024-11-21T00:00:00.000Z","eventType":"Fundraiser","guestCount":33,"numberOfTables":1,"phoneNumber":"661-717-2536","selectedGames":["Poker"],"specialRequests":"","status":"pending","time":"6:00 PM","updatedAt":"2024-11-06T20:59:06.693Z","userId":"672ab31589cd9ff9811560ea"},"level":"info","message":"Preparing booking notification email with data:","timestamp":"2024-11-06T20:59:07.215Z","userEmail":"scottwattenbarger@gmail.com"}
{"bookingDate":"Wednesday, November 20, 2024","bookingTime":"6:00 PM","customerEmail":"scottwattenbarger@gmail.com","eventType":"Fundraiser","games":"Poker","guestCount":"33","level":"info","message":"Sending email with template variables:","phoneNumber":"661-717-2536","specialRequests":"None","timestamp":"2024-11-06T20:59:07.217Z"}
{"level":"info","message":"Booking notification email sent successfully:","timestamp":"2024-11-06T20:59:07.399Z"}
{"level":"info","message":"Booking notification sent to admin","timestamp":"2024-11-06T20:59:07.400Z"}
{"booking":{"__v":0,"_id":"672bd9bdcccbefc6a230648c","createdAt":"2024-11-06T21:03:57.815Z","date":"2024-11-19T00:00:00.000Z","eventType":"Birthday Party","guestCount":11,"numberOfTables":1,"phoneNumber":"661-717-2536","selectedGames":["Poker"],"specialRequests":"","status":"pending","time":"3:00 PM","updatedAt":"2024-11-06T21:03:57.815Z","userId":"672abbd81b70f23b5b6b5ecf"},"level":"info","message":"Preparing booking received email with data:","timestamp":"2024-11-06T21:03:57.836Z","userEmail":"wattenbargerjill@gmail.com"}
{"bookingDate":"Monday, November 18, 2024","bookingTime":"3:00 PM","contactEmail":"wattenbargerevent@gmail.com","contactPhone":"661-302-0115","eventType":"Birthday Party","games":"Poker","guestCount":"11","level":"info","message":"Sending booking received email with template variables:","timestamp":"2024-11-06T21:03:57.852Z"}
{"level":"info","message":"Booking received email sent successfully:","timestamp":"2024-11-06T21:03:58.027Z"}
{"level":"info","message":"Booking received email sent to customer","timestamp":"2024-11-06T21:03:58.028Z"}
{"booking":{"__v":0,"_id":"672bd9bdcccbefc6a230648c","createdAt":"2024-11-06T21:03:57.815Z","date":"2024-11-19T00:00:00.000Z","eventType":"Birthday Party","guestCount":11,"numberOfTables":1,"phoneNumber":"661-717-2536","selectedGames":["Poker"],"specialRequests":"","status":"pending","time":"3:00 PM","updatedAt":"2024-11-06T21:03:57.815Z","userId":"672abbd81b70f23b5b6b5ecf"},"level":"info","message":"Preparing booking notification email with data:","timestamp":"2024-11-06T21:03:58.028Z","userEmail":"wattenbargerjill@gmail.com"}
{"bookingDate":"Monday, November 18, 2024","bookingTime":"3:00 PM","customerEmail":"wattenbargerjill@gmail.com","eventType":"Birthday Party","games":"Poker","guestCount":"11","level":"info","message":"Sending email with template variables:","phoneNumber":"661-717-2536","specialRequests":"None","timestamp":"2024-11-06T21:03:58.029Z"}
{"level":"info","message":"Booking notification email sent successfully:","timestamp":"2024-11-06T21:03:58.208Z"}
{"level":"info","message":"Booking notification sent to admin","timestamp":"2024-11-06T21:03:58.209Z"}
{"level":"info","message":"Verifying email configuration...","timestamp":"2024-11-06T21:05:55.842Z"}
{"level":"info","message":"Email configuration verified","timestamp":"2024-11-06T21:05:55.843Z"}
{"level":"info","message":"MongoDB Connected: localhost","timestamp":"2024-11-06T21:05:55.974Z"}
{"level":"info","message":"Verifying email configuration...","timestamp":"2024-11-06T21:06:02.411Z"}
{"level":"info","message":"Email configuration verified","timestamp":"2024-11-06T21:06:02.412Z"}
{"level":"info","message":"MongoDB Connected: localhost","timestamp":"2024-11-06T21:06:02.531Z"}
{"level":"info","message":"Starting sendBookingReceivedEmail...","timestamp":"2024-11-06T21:06:20.033Z","userEmail":"scottwattenbarger@gmail.com"}
{"bookingDate":"Monday, November 25, 2024","bookingTime":"4:00 PM","contactEmail":"wattenbargerevent@gmail.com","contactPhone":"661-302-0115","eventType":"Birthday Party","games":"Blackjack","guestCount":"16","level":"info","message":"Preparing email with variables:","timestamp":"2024-11-06T21:06:20.089Z"}
{"level":"info","message":"Sending email with data:","template":"booking_received","timestamp":"2024-11-06T21:06:20.090Z","to":"scottwattenbarger@gmail.com","variables":{"bookingDate":"Monday, November 25, 2024","bookingTime":"4:00 PM","contactEmail":"wattenbargerevent@gmail.com","contactPhone":"661-302-0115","eventType":"Birthday Party","games":"Blackjack","guestCount":"16"}}
{"level":"info","message":"Booking received email sent successfully:","timestamp":"2024-11-06T21:06:20.495Z"}
{"level":"info","message":"Booking received email sent to customer","timestamp":"2024-11-06T21:06:20.496Z"}
{"level":"info","message":"Starting sendBookingNotification...","timestamp":"2024-11-06T21:06:20.497Z","userEmail":"scottwattenbarger@gmail.com"}
{"bookingDate":"Monday, November 25, 2024","bookingTime":"4:00 PM","customerEmail":"scottwattenbarger@gmail.com","eventType":"Birthday Party","games":"Blackjack","guestCount":"16","level":"info","message":"Preparing admin notification with variables:","phoneNumber":"661-717-2536","specialRequests":"None","timestamp":"2024-11-06T21:06:20.499Z"}
{"level":"info","message":"Admin notification sent successfully:","timestamp":"2024-11-06T21:06:20.923Z"}
{"level":"info","message":"Booking notification sent to admin","timestamp":"2024-11-06T21:06:20.924Z"}
{"level":"info","message":"Starting sendBookingReceivedEmail...","timestamp":"2024-11-06T21:11:21.248Z","userEmail":"scottwattenbarger@gmail.com"}
{"bookingDate":"Friday, November 15, 2024","bookingTime":"2:00 PM","contactEmail":"wattenbargerevent@gmail.com","contactPhone":"661-302-0115","eventType":"Wedding","games":"Poker","guestCount":"7","level":"info","message":"Preparing email with variables:","timestamp":"2024-11-06T21:11:21.382Z"}
{"level":"info","message":"Sending email with data:","template":"booking_received","timestamp":"2024-11-06T21:11:21.382Z","to":"scottwattenbarger@gmail.com","variables":{"bookingDate":"Friday, November 15, 2024","bookingTime":"2:00 PM","contactEmail":"wattenbargerevent@gmail.com","contactPhone":"661-302-0115","eventType":"Wedding","games":"Poker","guestCount":"7"}}
{"level":"info","message":"Booking received email sent successfully:","timestamp":"2024-11-06T21:11:21.707Z"}
{"level":"info","message":"Booking received email sent to customer","timestamp":"2024-11-06T21:11:21.708Z"}
{"level":"info","message":"Starting sendBookingNotification...","timestamp":"2024-11-06T21:11:21.708Z","userEmail":"scottwattenbarger@gmail.com"}
{"bookingDate":"Friday, November 15, 2024","bookingTime":"2:00 PM","customerEmail":"scottwattenbarger@gmail.com","eventType":"Wedding","games":"Poker","guestCount":"7","level":"info","message":"Preparing admin notification with variables:","phoneNumber":"166-155-5555","specialRequests":"None","timestamp":"2024-11-06T21:11:21.708Z"}
{"level":"info","message":"Admin notification sent successfully:","timestamp":"2024-11-06T21:11:21.892Z"}
{"level":"info","message":"Booking notification sent to admin","timestamp":"2024-11-06T21:11:21.892Z"}
{"level":"info","message":"Verifying email configuration...","timestamp":"2024-11-06T21:18:22.781Z"}
{"level":"info","message":"Email configuration verified","timestamp":"2024-11-06T21:18:22.782Z"}
{"level":"info","message":"MongoDB Connected: localhost","timestamp":"2024-11-06T21:18:22.902Z"}
{"level":"info","message":"Verifying email configuration...","timestamp":"2024-11-06T21:18:26.724Z"}
{"level":"info","message":"Email configuration verified","timestamp":"2024-11-06T21:18:26.725Z"}
{"level":"info","message":"MongoDB Connected: localhost","timestamp":"2024-11-06T21:18:26.827Z"}
{"level":"info","message":"Verifying email configuration...","timestamp":"2024-11-06T21:18:33.380Z"}
{"level":"info","message":"Email configuration verified","timestamp":"2024-11-06T21:18:33.381Z"}
{"level":"info","message":"MongoDB Connected: localhost","timestamp":"2024-11-06T21:18:33.486Z"}
{"level":"info","message":"Starting sendBookingReceivedEmail...","timestamp":"2024-11-06T21:23:35.924Z","userEmail":"kameron@new-options.net"}
{"bookingDate":"Friday, November 22, 2024","bookingTime":"5:00 PM","contactEmail":"wattenbargerevent@gmail.com","contactPhone":"661-302-0115","eventType":"Corporate Event","games":"Poker","guestCount":"40","level":"info","message":"Preparing email with variables:","timestamp":"2024-11-06T21:23:35.981Z"}
{"level":"info","message":"Sending email with data:","template":"booking_received","timestamp":"2024-11-06T21:23:35.983Z","to":"kameron@new-options.net","variables":{"bookingDate":"Friday, November 22, 2024","bookingTime":"5:00 PM","contactEmail":"wattenbargerevent@gmail.com","contactPhone":"661-302-0115","eventType":"Corporate Event","games":"Poker","guestCount":"40"}}
{"level":"info","message":"Booking received email sent successfully:","timestamp":"2024-11-06T21:23:36.354Z"}
{"level":"info","message":"Booking received email sent to customer","timestamp":"2024-11-06T21:23:36.357Z"}
{"level":"info","message":"Starting sendBookingNotification...","timestamp":"2024-11-06T21:23:36.358Z","userEmail":"kameron@new-options.net"}
{"bookingDate":"Friday, November 22, 2024","bookingTime":"5:00 PM","customerEmail":"kameron@new-options.net","eventType":"Corporate Event","games":"Poker","guestCount":"40","level":"info","message":"Preparing admin notification with variables:","phoneNumber":"661-717-2536","specialRequests":"None","timestamp":"2024-11-06T21:23:36.360Z"}
{"level":"info","message":"Admin notification sent successfully:","timestamp":"2024-11-06T21:23:36.735Z"}
{"level":"info","message":"Booking notification sent to admin","timestamp":"2024-11-06T21:23:36.736Z"}
{"level":"info","message":"Starting sendBookingReceivedEmail...","timestamp":"2024-11-06T21:31:43.417Z","userEmail":"josh@new-options.net"}
{"bookingDate":"Wednesday, November 20, 2024","bookingTime":"3:00 PM","contactEmail":"wattenbargerevent@gmail.com","contactPhone":"661-302-0115","eventType":"Holiday Party","games":"Poker","guestCount":"7","level":"info","message":"Preparing email with variables:","timestamp":"2024-11-06T21:31:43.435Z"}
{"level":"info","message":"Sending email with data:","template":"booking_received","timestamp":"2024-11-06T21:31:43.435Z","to":"josh@new-options.net","variables":{"bookingDate":"Wednesday, November 20, 2024","bookingTime":"3:00 PM","contactEmail":"wattenbargerevent@gmail.com","contactPhone":"661-302-0115","eventType":"Holiday Party","games":"Poker","guestCount":"7"}}
{"level":"info","message":"Booking received email sent successfully:","timestamp":"2024-11-06T21:31:43.666Z"}
{"level":"info","message":"Booking received email sent to customer","timestamp":"2024-11-06T21:31:43.667Z"}
{"level":"info","message":"Starting sendBookingNotification...","timestamp":"2024-11-06T21:31:43.667Z","userEmail":"josh@new-options.net"}
{"bookingDate":"Wednesday, November 20, 2024","bookingTime":"3:00 PM","customerEmail":"josh@new-options.net","eventType":"Holiday Party","games":"Poker","guestCount":"7","level":"info","message":"Preparing admin notification with variables:","phoneNumber":"661-717-2536","specialRequests":"None","timestamp":"2024-11-06T21:31:43.668Z"}
{"level":"info","message":"Admin notification sent successfully:","timestamp":"2024-11-06T21:31:43.862Z"}
{"level":"info","message":"Booking notification sent to admin","timestamp":"2024-11-06T21:31:43.862Z"}
{"level":"info","message":"Verifying email configuration...","timestamp":"2024-11-06T21:39:50.417Z"}
{"level":"info","message":"Email configuration verified","timestamp":"2024-11-06T21:39:50.419Z"}
{"level":"info","message":"MongoDB Connected: localhost","timestamp":"2024-11-06T21:39:50.541Z"}
{"level":"info","message":"Verifying email configuration...","timestamp":"2024-11-06T21:39:52.470Z"}
{"level":"info","message":"Email configuration verified","timestamp":"2024-11-06T21:39:52.471Z"}
{"level":"info","message":"MongoDB Connected: localhost","timestamp":"2024-11-06T21:39:52.511Z"}
{"level":"info","message":"Verifying email configuration...","timestamp":"2024-11-06T21:39:54.035Z"}
{"level":"info","message":"Email configuration verified","timestamp":"2024-11-06T21:39:54.036Z"}
{"level":"info","message":"MongoDB Connected: localhost","timestamp":"2024-11-06T21:39:54.087Z"}
{"level":"info","message":"Verifying email configuration...","timestamp":"2024-11-06T21:40:35.911Z"}
{"level":"info","message":"Email configuration verified","timestamp":"2024-11-06T21:40:35.912Z"}
{"level":"info","message":"MongoDB Connected: localhost","timestamp":"2024-11-06T21:40:36.019Z"}
{"level":"info","message":"Verifying email configuration...","timestamp":"2024-11-06T21:41:02.544Z"}
{"level":"info","message":"Email configuration verified","timestamp":"2024-11-06T21:41:02.546Z"}
{"level":"info","message":"MongoDB Connected: localhost","timestamp":"2024-11-06T21:41:02.663Z"}
{"level":"info","message":"Verifying email configuration...","timestamp":"2024-11-06T21:44:34.774Z"}
{"level":"info","message":"Email configuration verified","timestamp":"2024-11-06T21:44:34.776Z"}
{"level":"info","message":"MongoDB Connected: localhost","timestamp":"2024-11-06T21:44:35.016Z"}
{"level":"info","message":"Verifying email configuration...","timestamp":"2024-11-06T21:48:40.130Z"}
{"level":"info","message":"Email configuration verified","timestamp":"2024-11-06T21:48:40.132Z"}
{"level":"info","message":"MongoDB Connected: localhost","timestamp":"2024-11-06T21:48:40.274Z"}
{"level":"info","message":"Verifying email configuration...","timestamp":"2024-11-06T21:48:58.417Z"}
{"level":"info","message":"Email configuration verified","timestamp":"2024-11-06T21:48:58.419Z"}
{"level":"info","message":"MongoDB Connected: localhost","timestamp":"2024-11-06T21:48:58.534Z"}
{"level":"info","message":"Verifying email configuration...","timestamp":"2024-11-06T21:48:59.563Z"}
{"level":"info","message":"Email configuration verified","timestamp":"2024-11-06T21:48:59.565Z"}
{"level":"info","message":"MongoDB Connected: localhost","timestamp":"2024-11-06T21:48:59.619Z"}
{"level":"info","message":"Verifying email configuration...","timestamp":"2024-11-06T21:49:13.776Z"}
{"level":"info","message":"Email configuration verified","timestamp":"2024-11-06T21:49:13.778Z"}
{"level":"info","message":"MongoDB Connected: localhost","timestamp":"2024-11-06T21:49:13.881Z"}
{"level":"info","message":"Verifying email configuration...","timestamp":"2024-11-06T21:52:05.421Z"}
{"level":"info","message":"Email configuration verified","timestamp":"2024-11-06T21:52:05.422Z"}
{"level":"info","message":"MongoDB Connected: localhost","timestamp":"2024-11-06T21:52:05.558Z"}
{"level":"info","message":"Verifying email configuration...","timestamp":"2024-11-06T21:53:41.570Z"}
{"level":"info","message":"Email configuration verified","timestamp":"2024-11-06T21:53:41.572Z"}
{"level":"info","message":"MongoDB Connected: localhost","timestamp":"2024-11-06T21:53:41.724Z"}
{"level":"info","message":"Verifying email configuration...","timestamp":"2024-11-06T21:53:45.004Z"}
{"level":"info","message":"Email configuration verified","timestamp":"2024-11-06T21:53:45.006Z"}
{"level":"info","message":"MongoDB Connected: localhost","timestamp":"2024-11-06T21:53:45.111Z"}
{"level":"info","message":"Verifying email configuration...","timestamp":"2024-11-06T21:53:53.658Z"}
{"level":"info","message":"Email configuration verified","timestamp":"2024-11-06T21:53:53.660Z"}
{"level":"info","message":"MongoDB Connected: localhost","timestamp":"2024-11-06T21:53:53.877Z"}
{"level":"info","message":"Processing forgot password request for:","timestamp":"2024-11-06T21:54:00.464Z"}
{"level":"info","message":"Generated new password for user","timestamp":"2024-11-06T21:54:00.498Z"}
{"level":"info","message":"Updated user password in database","timestamp":"2024-11-06T21:54:00.615Z"}
{"level":"info","message":"Preparing to send new password email","timestamp":"2024-11-06T21:54:00.616Z"}
{"level":"info","message":"New password email sent successfully","timestamp":"2024-11-06T21:54:00.827Z"}
{"level":"info","message":"Password reset email sent successfully","timestamp":"2024-11-06T21:54:00.827Z"}
{"level":"info","message":"Verifying email configuration...","timestamp":"2024-11-07T03:25:52.166Z"}
{"level":"info","message":"Email configuration verified","timestamp":"2024-11-07T03:25:52.168Z"}
{"level":"info","message":"Server running on port 5001","timestamp":"2024-11-07T03:25:52.302Z"}
{"level":"info","message":"Connected to MongoDB","timestamp":"2024-11-07T03:25:52.554Z"}
{"level":"info","message":"Verifying email configuration...","timestamp":"2024-11-07T03:26:04.069Z"}
{"level":"info","message":"Email configuration verified","timestamp":"2024-11-07T03:26:04.070Z"}
{"level":"info","message":"Server running on port 5001","timestamp":"2024-11-07T03:26:04.154Z"}
{"level":"info","message":"Connected to MongoDB","timestamp":"2024-11-07T03:26:04.181Z"}
{"level":"info","message":"POST /api/auth/register","timestamp":"2024-11-07T03:26:18.986Z"}
{"level":"info","message":"POST /api/auth/forgot-password","timestamp":"2024-11-07T03:26:37.732Z"}
{"level":"info","message":"Processing forgot password request for:","timestamp":"2024-11-07T03:26:37.736Z"}
{"level":"info","message":"Generated new password for user","timestamp":"2024-11-07T03:26:37.744Z"}
{"level":"info","message":"Updated user password in database","timestamp":"2024-11-07T03:26:37.856Z"}
{"level":"info","message":"Preparing to send new password email","timestamp":"2024-11-07T03:26:37.856Z"}
{"level":"info","message":"New password email sent successfully","timestamp":"2024-11-07T03:26:38.182Z"}
{"level":"info","message":"Password reset email sent successfully","timestamp":"2024-11-07T03:26:38.182Z"}
{"level":"info","message":"POST /api/auth/login","timestamp":"2024-11-07T03:27:42.699Z"}
{"level":"info","message":"GET /api/bookings/my","timestamp":"2024-11-07T03:27:45.379Z"}
{"level":"info","message":"GET /api/bookings/my","timestamp":"2024-11-07T03:33:53.678Z"}
{"level":"info","message":"POST /api/auth/change-password","timestamp":"2024-11-07T03:34:45.494Z"}
{"level":"info","message":"POST /api/auth/login","timestamp":"2024-11-07T03:35:04.833Z"}
{"level":"info","message":"GET /api/bookings/availability/2024-11-16","timestamp":"2024-11-07T03:35:42.955Z"}
{"level":"info","message":"POST /api/auth/register","timestamp":"2024-11-07T03:36:18.870Z"}
{"level":"info","message":"GET /api/bookings/availability/2024-11-16","timestamp":"2024-11-07T03:36:27.988Z"}
{"level":"info","message":"POST /api/bookings","timestamp":"2024-11-07T03:37:03.635Z"}
{"level":"info","message":"Starting sendBookingReceivedEmail...","timestamp":"2024-11-07T03:37:03.702Z","userEmail":"vanesawattenbarger@gmail.com"}
{"bookingDate":"Friday, November 15, 2024","bookingTime":"3:00 PM","contactEmail":"wattenbargerevent@gmail.com","contactPhone":"661-302-0115","eventType":"Wedding","games":"Poker","guestCount":"122","level":"info","message":"Preparing email with variables:","timestamp":"2024-11-07T03:37:03.760Z"}
{"level":"info","message":"Sending email with data:","template":"booking_received","timestamp":"2024-11-07T03:37:03.760Z","to":"vanesawattenbarger@gmail.com","variables":{"bookingDate":"Friday, November 15, 2024","bookingTime":"3:00 PM","contactEmail":"wattenbargerevent@gmail.com","contactPhone":"661-302-0115","eventType":"Wedding","games":"Poker","guestCount":"122"}}
{"level":"info","message":"Booking received email sent successfully:","timestamp":"2024-11-07T03:37:04.242Z"}
{"level":"info","message":"Booking received email sent to customer","timestamp":"2024-11-07T03:37:04.243Z"}
{"level":"info","message":"Starting sendBookingNotification...","timestamp":"2024-11-07T03:37:04.244Z","userEmail":"vanesawattenbarger@gmail.com"}
{"bookingDate":"Friday, November 15, 2024","bookingTime":"3:00 PM","customerEmail":"vanesawattenbarger@gmail.com","eventType":"Wedding","games":"Poker","guestCount":"122","level":"info","message":"Preparing admin notification with variables:","phoneNumber":"661-718-5643","specialRequests":"None","timestamp":"2024-11-07T03:37:04.244Z"}
{"level":"info","message":"Admin notification sent successfully:","timestamp":"2024-11-07T03:37:04.587Z"}
{"level":"info","message":"Booking notification sent to admin","timestamp":"2024-11-07T03:37:04.587Z"}
{"level":"info","message":"GET /api/auth/me","timestamp":"2024-11-07T03:37:07.822Z"}
{"level":"info","message":"GET /api/bookings/my","timestamp":"2024-11-07T03:37:07.887Z"}
{"level":"info","message":"GET /api/bookings/availability/2024-11-21","timestamp":"2024-11-07T04:55:23.454Z"}
{"level":"info","message":"POST /api/bookings","timestamp":"2024-11-07T04:55:35.688Z"}
{"level":"info","message":"Starting sendBookingReceivedEmail...","timestamp":"2024-11-07T04:55:35.729Z","userEmail":"vanesawattenbarger@gmail.com"}
{"bookingDate":"Wednesday, November 20, 2024","bookingTime":"2:00 PM","contactEmail":"wattenbargerevent@gmail.com","contactPhone":"661-302-0115","eventType":"Fundraiser","games":"Poker","guestCount":"10","level":"info","message":"Preparing email with variables:","timestamp":"2024-11-07T04:55:35.745Z"}
{"level":"info","message":"Sending email with data:","template":"booking_received","timestamp":"2024-11-07T04:55:35.746Z","to":"vanesawattenbarger@gmail.com","variables":{"bookingDate":"Wednesday, November 20, 2024","bookingTime":"2:00 PM","contactEmail":"wattenbargerevent@gmail.com","contactPhone":"661-302-0115","eventType":"Fundraiser","games":"Poker","guestCount":"10"}}
{"level":"info","message":"Booking received email sent successfully:","timestamp":"2024-11-07T04:55:36.123Z"}
{"level":"info","message":"Booking received email sent to customer","timestamp":"2024-11-07T04:55:36.123Z"}
{"level":"info","message":"Starting sendBookingNotification...","timestamp":"2024-11-07T04:55:36.123Z","userEmail":"vanesawattenbarger@gmail.com"}
{"bookingDate":"Wednesday, November 20, 2024","bookingTime":"2:00 PM","customerEmail":"vanesawattenbarger@gmail.com","eventType":"Fundraiser","games":"Poker","guestCount":"10","level":"info","message":"Preparing admin notification with variables:","phoneNumber":"661-717-2536","specialRequests":"None","timestamp":"2024-11-07T04:55:36.124Z"}
{"level":"info","message":"Admin notification sent successfully:","timestamp":"2024-11-07T04:55:36.479Z"}
{"level":"info","message":"Booking notification sent to admin","timestamp":"2024-11-07T04:55:36.480Z"}
{"level":"info","message":"GET /api/auth/me","timestamp":"2024-11-07T04:55:39.831Z"}
{"level":"info","message":"GET /api/bookings/my","timestamp":"2024-11-07T04:55:39.886Z"}
{"level":"info","message":"GET /api/bookings/my","timestamp":"2024-11-07T04:56:26.400Z"}
{"level":"info","message":"GET /api/bookings/my","timestamp":"2024-11-07T04:57:55.364Z"}
{"level":"info","message":"GET /api/auth/me","timestamp":"2024-11-07T04:57:55.371Z"}
{"level":"info","message":"GET /api/bookings/my","timestamp":"2024-11-07T04:58:00.354Z"}
{"level":"info","message":"GET /api/auth/me","timestamp":"2024-11-07T04:58:00.357Z"}
{"level":"info","message":"GET /api/bookings/my","timestamp":"2024-11-07T04:58:02.373Z"}
{"level":"info","message":"GET /api/auth/me","timestamp":"2024-11-07T04:58:02.381Z"}
{"level":"info","message":"POST /api/auth/login","timestamp":"2024-11-07T04:59:19.997Z"}
{"level":"info","message":"GET /api/bookings/my","timestamp":"2024-11-07T04:59:20.217Z"}
{"level":"info","message":"GET /api/bookings/my","timestamp":"2024-11-07T04:59:35.677Z"}
{"level":"info","message":"GET /api/bookings/availability/2024-11-01","timestamp":"2024-11-07T05:51:40.364Z"}
{"level":"info","message":"GET /api/bookings/availability/2024-11-02","timestamp":"2024-11-07T05:51:40.383Z"}
{"level":"info","message":"GET /api/bookings/availability/2024-11-03","timestamp":"2024-11-07T05:51:40.386Z"}
{"level":"info","message":"GET /api/bookings/availability/2024-11-04","timestamp":"2024-11-07T05:51:40.390Z"}
{"level":"info","message":"GET /api/bookings/availability/2024-11-05","timestamp":"2024-11-07T05:51:40.393Z"}
{"level":"info","message":"GET /api/bookings/availability/2024-11-06","timestamp":"2024-11-07T05:51:40.395Z"}
{"level":"info","message":"GET /api/bookings/availability/2024-11-07","timestamp":"2024-11-07T05:51:40.514Z"}
{"level":"info","message":"GET /api/bookings/availability/2024-11-08","timestamp":"2024-11-07T05:51:40.515Z"}
{"level":"info","message":"GET /api/bookings/availability/2024-11-09","timestamp":"2024-11-07T05:51:40.516Z"}
{"level":"info","message":"GET /api/bookings/availability/2024-11-10","timestamp":"2024-11-07T05:51:40.517Z"}
{"level":"info","message":"GET /api/bookings/availability/2024-11-14","timestamp":"2024-11-07T05:51:40.518Z"}
{"level":"info","message":"GET /api/bookings/availability/2024-11-15","timestamp":"2024-11-07T05:51:40.519Z"}
{"level":"info","message":"GET /api/bookings/availability/2024-11-11","timestamp":"2024-11-07T05:51:40.531Z"}
{"level":"info","message":"GET /api/bookings/availability/2024-11-12","timestamp":"2024-11-07T05:51:40.532Z"}
{"level":"info","message":"GET /api/bookings/availability/2024-11-16","timestamp":"2024-11-07T05:51:40.533Z"}
{"level":"info","message":"GET /api/bookings/availability/2024-11-13","timestamp":"2024-11-07T05:51:40.539Z"}
{"level":"info","message":"GET /api/bookings/availability/2024-11-17","timestamp":"2024-11-07T05:51:40.540Z"}
{"level":"info","message":"GET /api/bookings/availability/2024-11-18","timestamp":"2024-11-07T05:51:40.543Z"}
{"level":"info","message":"GET /api/bookings/availability/2024-11-20","timestamp":"2024-11-07T05:51:40.547Z"}
{"level":"info","message":"GET /api/bookings/availability/2024-11-19","timestamp":"2024-11-07T05:51:40.548Z"}
{"level":"info","message":"GET /api/bookings/availability/2024-11-23","timestamp":"2024-11-07T05:51:40.550Z"}
{"level":"info","message":"GET /api/bookings/availability/2024-11-21","timestamp":"2024-11-07T05:51:40.551Z"}
{"level":"info","message":"GET /api/bookings/availability/2024-11-22","timestamp":"2024-11-07T05:51:40.554Z"}
{"level":"info","message":"GET /api/bookings/availability/2024-11-29","timestamp":"2024-11-07T05:51:40.556Z"}
{"level":"info","message":"GET /api/bookings/availability/2024-11-24","timestamp":"2024-11-07T05:51:40.557Z"}
{"level":"info","message":"GET /api/bookings/availability/2024-11-25","timestamp":"2024-11-07T05:51:40.559Z"}
{"level":"info","message":"GET /api/bookings/availability/2024-11-27","timestamp":"2024-11-07T05:51:40.560Z"}
{"level":"info","message":"GET /api/bookings/availability/2024-11-28","timestamp":"2024-11-07T05:51:40.562Z"}
{"level":"info","message":"GET /api/bookings/availability/2024-11-26","timestamp":"2024-11-07T05:51:40.565Z"}
{"level":"info","message":"GET /api/bookings/availability/2024-11-30","timestamp":"2024-11-07T05:51:40.565Z"}
{"level":"info","message":"GET /api/bookings/availability/2024-11-01","timestamp":"2024-11-07T05:52:17.839Z"}
{"level":"info","message":"GET /api/bookings/availability/2024-11-03","timestamp":"2024-11-07T05:52:17.844Z"}
{"level":"info","message":"GET /api/bookings/availability/2024-11-02","timestamp":"2024-11-07T05:52:17.845Z"}
{"level":"info","message":"GET /api/bookings/availability/2024-11-05","timestamp":"2024-11-07T05:52:17.846Z"}
{"level":"info","message":"GET /api/bookings/availability/2024-11-04","timestamp":"2024-11-07T05:52:17.848Z"}
{"level":"info","message":"GET /api/bookings/availability/2024-11-06","timestamp":"2024-11-07T05:52:17.849Z"}
{"level":"info","message":"GET /api/bookings/availability/2024-11-08","timestamp":"2024-11-07T05:52:17.965Z"}
{"level":"info","message":"GET /api/bookings/availability/2024-11-09","timestamp":"2024-11-07T05:52:17.968Z"}
{"level":"info","message":"GET /api/bookings/availability/2024-11-07","timestamp":"2024-11-07T05:52:17.969Z"}
{"level":"info","message":"GET /api/bookings/availability/2024-11-13","timestamp":"2024-11-07T05:52:17.970Z"}
{"level":"info","message":"GET /api/bookings/availability/2024-11-10","timestamp":"2024-11-07T05:52:17.970Z"}
{"level":"info","message":"GET /api/bookings/availability/2024-11-11","timestamp":"2024-11-07T05:52:17.970Z"}
{"level":"info","message":"GET /api/bookings/availability/2024-11-14","timestamp":"2024-11-07T05:52:17.974Z"}
{"level":"info","message":"GET /api/bookings/availability/2024-11-12","timestamp":"2024-11-07T05:52:17.975Z"}
{"level":"info","message":"GET /api/bookings/availability/2024-11-20","timestamp":"2024-11-07T05:52:17.976Z"}
{"level":"info","message":"GET /api/bookings/availability/2024-11-15","timestamp":"2024-11-07T05:52:17.976Z"}
{"level":"info","message":"GET /api/bookings/availability/2024-11-16","timestamp":"2024-11-07T05:52:17.978Z"}
{"level":"info","message":"GET /api/bookings/availability/2024-11-17","timestamp":"2024-11-07T05:52:17.982Z"}
{"level":"info","message":"GET /api/bookings/availability/2024-11-18","timestamp":"2024-11-07T05:52:17.998Z"}
{"level":"info","message":"GET /api/bookings/availability/2024-11-19","timestamp":"2024-11-07T05:52:17.998Z"}
{"level":"info","message":"GET /api/bookings/availability/2024-11-21","timestamp":"2024-11-07T05:52:18.001Z"}
{"level":"info","message":"GET /api/bookings/availability/2024-11-22","timestamp":"2024-11-07T05:52:18.002Z"}
{"level":"info","message":"GET /api/bookings/availability/2024-11-23","timestamp":"2024-11-07T05:52:18.004Z"}
{"level":"info","message":"GET /api/bookings/availability/2024-11-24","timestamp":"2024-11-07T05:52:18.018Z"}
{"level":"info","message":"GET /api/bookings/availability/2024-11-27","timestamp":"2024-11-07T05:52:18.037Z"}
{"level":"info","message":"GET /api/bookings/availability/2024-11-28","timestamp":"2024-11-07T05:52:18.043Z"}
{"level":"info","message":"GET /api/bookings/availability/2024-11-25","timestamp":"2024-11-07T05:52:18.044Z"}
{"level":"info","message":"GET /api/bookings/availability/2024-11-26","timestamp":"2024-11-07T05:52:18.045Z"}
{"level":"info","message":"GET /api/bookings/availability/2024-11-30","timestamp":"2024-11-07T05:52:18.049Z"}
{"level":"info","message":"GET /api/bookings/availability/2024-11-29","timestamp":"2024-11-07T05:52:18.064Z"}
{"level":"info","message":"Verifying email configuration...","timestamp":"2024-11-07T17:15:01.003Z"}
{"level":"info","message":"Email configuration verified","timestamp":"2024-11-07T17:15:01.005Z"}
{"level":"info","message":"Server running on port 5001","timestamp":"2024-11-07T17:15:01.102Z"}
{"level":"info","message":"Connected to MongoDB","timestamp":"2024-11-07T17:15:01.286Z"}
{"level":"info","message":"POST /api/auth/login","timestamp":"2024-11-07T17:18:57.778Z"}
{"level":"info","message":"POST /api/auth/login","timestamp":"2024-11-07T17:19:04.446Z"}
{"level":"info","message":"POST /api/auth/login","timestamp":"2024-11-07T17:19:10.482Z"}
{"level":"info","message":"POST /api/auth/forgot-password","timestamp":"2024-11-07T17:19:18.559Z"}
{"level":"info","message":"Processing forgot password request for:","timestamp":"2024-11-07T17:19:18.561Z"}
{"level":"info","message":"Generated new password for user","timestamp":"2024-11-07T17:19:18.570Z"}
{"level":"info","message":"Updated user password in database","timestamp":"2024-11-07T17:19:18.689Z"}
{"level":"info","message":"Preparing to send new password email","timestamp":"2024-11-07T17:19:18.689Z"}
{"level":"info","message":"New password email sent successfully","timestamp":"2024-11-07T17:19:18.924Z"}
{"level":"info","message":"Password reset email sent successfully","timestamp":"2024-11-07T17:19:18.925Z"}
{"level":"info","message":"POST /api/auth/login","timestamp":"2024-11-07T17:19:42.581Z"}
{"level":"info","message":"GET /api/bookings/my","timestamp":"2024-11-07T17:19:42.733Z"}
{"level":"info","message":"POST /api/auth/change-password","timestamp":"2024-11-07T17:19:56.712Z"}
{"level":"info","message":"GET /api/admin/bookings","timestamp":"2024-11-07T17:19:59.617Z"}
{"level":"info","message":"GET /api/admin/bookings","timestamp":"2024-11-07T17:20:03.570Z"}
{"level":"info","message":"GET /api/admin/users","timestamp":"2024-11-07T17:20:04.315Z"}
{"level":"info","message":"GET /api/admin/bookings","timestamp":"2024-11-07T17:20:05.066Z"}
{"level":"info","message":"GET /api/admin/bookings","timestamp":"2024-11-07T17:20:17.710Z"}
{"level":"info","message":"GET /api/admin/bookings","timestamp":"2024-11-07T17:20:23.863Z"}
{"level":"info","message":"GET /api/admin/bookings","timestamp":"2024-11-07T17:26:42.546Z"}
{"level":"info","message":"GET /api/admin/bookings","timestamp":"2024-11-07T17:26:43.347Z"}
{"level":"info","message":"GET /api/admin/bookings","timestamp":"2024-11-07T17:28:21.590Z"}
{"level":"info","message":"GET /api/admin/bookings","timestamp":"2024-11-07T17:28:23.567Z"}
{"level":"info","message":"GET /api/admin/bookings","timestamp":"2024-11-07T17:30:41.592Z"}
{"level":"info","message":"GET /api/admin/bookings","timestamp":"2024-11-07T17:31:10.583Z"}
{"level":"info","message":"GET /api/admin/bookings","timestamp":"2024-11-07T17:31:35.617Z"}
{"level":"info","message":"GET /api/admin/bookings","timestamp":"2024-11-07T17:31:40.346Z"}
{"level":"info","message":"GET /api/admin/bookings","timestamp":"2024-11-07T17:31:41.130Z"}
{"level":"info","message":"GET /api/admin/bookings","timestamp":"2024-11-07T17:32:41.034Z"}
{"level":"info","message":"GET /api/admin/users","timestamp":"2024-11-07T17:32:41.665Z"}
{"level":"info","message":"GET /api/admin/bookings","timestamp":"2024-11-07T17:32:54.696Z"}
{"level":"info","message":"GET /api/admin/bookings","timestamp":"2024-11-07T17:33:06.311Z"}
{"level":"info","message":"GET /api/bookings/my","timestamp":"2024-11-07T17:33:06.940Z"}
{"level":"info","message":"GET /api/bookings/my","timestamp":"2024-11-07T17:33:10.858Z"}
{"level":"info","message":"GET /api/admin/bookings","timestamp":"2024-11-07T17:33:13.168Z"}
{"level":"info","message":"DELETE /api/admin/bookings/672c35df21f1f203b2797400","timestamp":"2024-11-07T17:33:17.598Z"}
{"level":"info","message":"GET /api/admin/bookings","timestamp":"2024-11-07T17:33:17.643Z"}
{"level":"info","message":"DELETE /api/admin/bookings/672c484721f1f203b2797409","timestamp":"2024-11-07T17:33:19.991Z"}
{"level":"info","message":"GET /api/admin/bookings","timestamp":"2024-11-07T17:33:20.008Z"}
{"level":"info","message":"GET /api/admin/users","timestamp":"2024-11-07T17:33:21.062Z"}
{"level":"info","message":"DELETE /api/admin/users/672abbd81b70f23b5b6b5ecf","timestamp":"2024-11-07T17:33:24.991Z"}
{"level":"info","message":"DELETE /api/admin/users/672c335b21f1f203b27973ec","timestamp":"2024-11-07T17:33:29.508Z"}
{"level":"info","message":"POST /api/auth/login","timestamp":"2024-11-07T17:33:47.834Z"}
{"level":"info","message":"GET /api/bookings/my","timestamp":"2024-11-07T17:33:47.993Z"}
{"level":"info","message":"GET /api/admin/bookings","timestamp":"2024-11-07T17:33:52.484Z"}
{"level":"info","message":"GET /api/bookings/my","timestamp":"2024-11-07T17:33:53.183Z"}
{"level":"info","message":"GET /api/admin/bookings","timestamp":"2024-11-07T17:33:55.758Z"}
{"level":"info","message":"GET /api/admin/bookings","timestamp":"2024-11-07T17:33:58.778Z"}
{"level":"info","message":"GET /api/admin/users","timestamp":"2024-11-07T17:33:59.445Z"}
{"level":"info","message":"GET /api/admin/bookings","timestamp":"2024-11-07T17:34:00.243Z"}
{"level":"info","message":"GET /api/admin/bookings","timestamp":"2024-11-07T17:35:57.791Z"}
{"level":"info","message":"GET /api/admin/bookings","timestamp":"2024-11-07T17:37:00.818Z"}
{"level":"info","message":"GET /api/admin/bookings","timestamp":"2024-11-07T17:37:02.697Z"}
{"level":"info","message":"GET /api/admin/users","timestamp":"2024-11-07T17:37:03.566Z"}
{"level":"info","message":"GET /api/admin/bookings","timestamp":"2024-11-07T17:37:04.296Z"}
{"level":"info","message":"GET /api/bookings/availability/2024-11-21","timestamp":"2024-11-07T17:37:33.837Z"}
{"level":"info","message":"POST /api/auth/register","timestamp":"2024-11-07T17:37:33.854Z"}
{"level":"info","message":"GET /api/bookings/availability/2024-11-21","timestamp":"2024-11-07T17:37:46.760Z"}
{"level":"info","message":"POST /api/auth/register","timestamp":"2024-11-07T17:37:46.770Z"}
{"level":"info","message":"GET /api/bookings/availability/2024-11-21","timestamp":"2024-11-07T17:37:51.294Z"}
{"level":"info","message":"POST /api/auth/register","timestamp":"2024-11-07T17:37:51.304Z"}
{"level":"info","message":"GET /api/bookings/availability/2024-11-21","timestamp":"2024-11-07T17:37:55.763Z"}
{"level":"info","message":"POST /api/bookings","timestamp":"2024-11-07T17:37:55.775Z"}
{"level":"info","message":"Starting sendBookingReceivedEmail...","timestamp":"2024-11-07T17:37:55.817Z","userEmail":"scottwattenbarger@gmail.com"}
{"bookingDate":"Wednesday, November 20, 2024","bookingTime":"6:00 PM","contactEmail":"wattenbargerevent@gmail.com","contactPhone":"661-302-0115","eventType":"Birthday Party","games":"Blackjack, Poker","guestCount":"90","level":"info","message":"Preparing email with variables:","timestamp":"2024-11-07T17:37:55.867Z"}
{"level":"info","message":"Sending email with data:","template":"booking_received","timestamp":"2024-11-07T17:37:55.867Z","to":"scottwattenbarger@gmail.com","variables":{"bookingDate":"Wednesday, November 20, 2024","bookingTime":"6:00 PM","contactEmail":"wattenbargerevent@gmail.com","contactPhone":"661-302-0115","eventType":"Birthday Party","games":"Blackjack, Poker","guestCount":"90"}}
{"level":"info","message":"Booking received email sent successfully:","timestamp":"2024-11-07T17:37:56.462Z"}
{"level":"info","message":"Booking received email sent to customer","timestamp":"2024-11-07T17:37:56.462Z"}
{"level":"info","message":"Starting sendBookingNotification...","timestamp":"2024-11-07T17:37:56.462Z","userEmail":"scottwattenbarger@gmail.com"}
{"bookingDate":"Wednesday, November 20, 2024","bookingTime":"6:00 PM","customerEmail":"scottwattenbarger@gmail.com","eventType":"Birthday Party","games":"Blackjack, Poker","guestCount":"90","level":"info","message":"Preparing admin notification with variables:","phoneNumber":"661-717-2536","specialRequests":"None","timestamp":"2024-11-07T17:37:56.463Z"}
{"level":"info","message":"Admin notification sent successfully:","timestamp":"2024-11-07T17:37:56.771Z"}
{"level":"info","message":"Booking notification sent to admin","timestamp":"2024-11-07T17:37:56.771Z"}
{"level":"info","message":"GET /api/admin/bookings","timestamp":"2024-11-07T17:37:56.781Z"}
{"level":"info","message":"PATCH /api/admin/bookings/672cfaf389b783b06ed4836e/status","timestamp":"2024-11-07T17:38:05.226Z"}
{"level":"info","message":"GET /api/admin/bookings","timestamp":"2024-11-07T17:38:05.254Z"}
{"level":"info","message":"PATCH /api/admin/bookings/672cfaf389b783b06ed4836e/status","timestamp":"2024-11-07T17:38:07.578Z"}
{"level":"info","message":"GET /api/admin/bookings","timestamp":"2024-11-07T17:38:07.596Z"}
{"level":"info","message":"GET /api/admin/bookings","timestamp":"2024-11-07T17:38:17.699Z"}
{"level":"info","message":"GET /api/admin/users","timestamp":"2024-11-07T17:38:18.436Z"}
{"level":"info","message":"GET /api/admin/bookings","timestamp":"2024-11-07T17:38:19.135Z"}
{"level":"info","message":"DELETE /api/admin/bookings/672cfaf389b783b06ed4836e","timestamp":"2024-11-07T17:38:23.683Z"}
{"level":"info","message":"GET /api/admin/bookings","timestamp":"2024-11-07T17:38:23.697Z"}
{"level":"info","message":"GET /api/bookings/availability/2024-11-22","timestamp":"2024-11-07T17:38:49.839Z"}
{"level":"info","message":"POST /api/bookings","timestamp":"2024-11-07T17:38:49.849Z"}
{"level":"info","message":"Starting sendBookingReceivedEmail...","timestamp":"2024-11-07T17:38:49.859Z","userEmail":"scottwattenbarger@gmail.com"}
{"bookingDate":"Thursday, November 21, 2024","bookingTime":"6:00 PM","contactEmail":"wattenbargerevent@gmail.com","contactPhone":"661-302-0115","eventType":"Fundraiser","games":"Blackjack","guestCount":"9","level":"info","message":"Preparing email with variables:","timestamp":"2024-11-07T17:38:49.859Z"}
{"level":"info","message":"Sending email with data:","template":"booking_received","timestamp":"2024-11-07T17:38:49.859Z","to":"scottwattenbarger@gmail.com","variables":{"bookingDate":"Thursday, November 21, 2024","bookingTime":"6:00 PM","contactEmail":"wattenbargerevent@gmail.com","contactPhone":"661-302-0115","eventType":"Fundraiser","games":"Blackjack","guestCount":"9"}}
{"level":"info","message":"Booking received email sent successfully:","timestamp":"2024-11-07T17:38:50.176Z"}
{"level":"info","message":"Booking received email sent to customer","timestamp":"2024-11-07T17:38:50.176Z"}
{"level":"info","message":"Starting sendBookingNotification...","timestamp":"2024-11-07T17:38:50.176Z","userEmail":"scottwattenbarger@gmail.com"}
{"bookingDate":"Thursday, November 21, 2024","bookingTime":"6:00 PM","customerEmail":"scottwattenbarger@gmail.com","eventType":"Fundraiser","games":"Blackjack","guestCount":"9","level":"info","message":"Preparing admin notification with variables:","phoneNumber":"234-231-4213","specialRequests":"None","timestamp":"2024-11-07T17:38:50.177Z"}
{"level":"info","message":"Admin notification sent successfully:","timestamp":"2024-11-07T17:38:50.515Z"}
{"level":"info","message":"Booking notification sent to admin","timestamp":"2024-11-07T17:38:50.515Z"}
{"level":"info","message":"GET /api/admin/bookings","timestamp":"2024-11-07T17:38:50.528Z"}
{"level":"info","message":"PATCH /api/admin/bookings/672cfb2989b783b06ed4838d/status","timestamp":"2024-11-07T17:40:02.065Z"}
{"level":"info","message":"GET /api/admin/bookings","timestamp":"2024-11-07T17:40:02.131Z"}
{"level":"info","message":"PATCH /api/admin/bookings/672cfb2989b783b06ed4838d/status","timestamp":"2024-11-07T17:40:04.384Z"}
{"level":"info","message":"GET /api/admin/bookings","timestamp":"2024-11-07T17:40:04.401Z"}
{"level":"info","message":"DELETE /api/admin/bookings/672cfb2989b783b06ed4838d","timestamp":"2024-11-07T17:40:08.147Z"}
{"level":"info","message":"GET /api/admin/bookings","timestamp":"2024-11-07T17:40:08.157Z"}
{"level":"info","message":"GET /api/admin/bookings","timestamp":"2024-11-07T17:40:09.402Z"}
{"level":"info","message":"GET /api/admin/users","timestamp":"2024-11-07T17:40:10.587Z"}
{"level":"info","message":"DELETE /api/admin/users/672abbd81b70f23b5b6b5ecf","timestamp":"2024-11-07T17:40:14.801Z"}
{"level":"info","message":"GET /api/bookings/my","timestamp":"2024-11-07T17:40:20.100Z"}
{"level":"info","message":"GET /api/admin/bookings","timestamp":"2024-11-07T17:40:38.655Z"}
{"level":"info","message":"GET /api/bookings/availability/2024-11-20","timestamp":"2024-11-07T17:40:55.251Z"}
{"level":"info","message":"POST /api/auth/register","timestamp":"2024-11-07T17:40:55.271Z"}
{"level":"info","message":"GET /api/auth/me","timestamp":"2024-11-07T17:41:01.070Z"}
{"level":"info","message":"GET /api/admin/bookings","timestamp":"2024-11-07T17:41:01.137Z"}
{"level":"info","message":"GET /api/bookings/my","timestamp":"2024-11-07T17:41:37.327Z"}
{"level":"info","message":"GET /api/admin/bookings","timestamp":"2024-11-07T17:41:38.021Z"}
{"level":"info","message":"Verifying email configuration...","timestamp":"2024-11-07T17:48:32.586Z"}
{"level":"info","message":"Email configuration verified","timestamp":"2024-11-07T17:48:32.587Z"}
{"level":"info","message":"Server running on port 5001","timestamp":"2024-11-07T17:48:32.697Z"}
{"level":"info","message":"Connected to MongoDB","timestamp":"2024-11-07T17:48:32.870Z"}
{"level":"info","message":"GET /api/auth/me","timestamp":"2024-11-07T17:48:35.328Z"}
{"level":"info","message":"GET /api/auth/me","timestamp":"2024-11-07T17:51:27.387Z"}
{"level":"info","message":"GET /api/admin/bookings","timestamp":"2024-11-07T17:59:13.127Z"}
{"level":"info","message":"GET /api/admin/bookings","timestamp":"2024-11-07T17:59:15.076Z"}
